_______________________________________________________________________
| 22-02-2023 16:06:09 | 407 | Method not allowed. | routes/routes.php |
_______________________________________________________________________
| 22-02-2023 16:06:09 | 407 | Method not allowed. | routes/routes.php |
_______________________________________________________________________
| 22-02-2023 16:06:09 | 407 | Method not allowed. | routes/routes.php |
_______________________________________________________________________
| 22-02-2023 16:09:34 | 407 | Method not allowed. | routes/routes.php |
_______________________________________________________________________
| 22-02-2023 16:09:34 | 407 | Method not allowed. | routes/routes.php |
_______________________________________________________________________
| 22-02-2023 16:09:35 | 407 | Method not allowed. | routes/routes.php |
_______________________________________________________________________
| 22-02-2023 16:09:36 | 407 | Method not allowed. | routes/routes.php |
_______________________________________________________________________
| 22-02-2023 16:09:36 | 407 | Method not allowed. | routes/routes.php |
_______________________________________________________________________
| 22-02-2023 16:09:37 | 407 | Method not allowed. | routes/routes.php |
_______________________________________________________________________
| 22-02-2023 18:01:21 | 788 | LYNX788: Expected string passed integer. | Lynx/Component/SyntaxException |
_________________________________________________________________________________________________________
| 22-02-2023 18:01:21 | 788 | LYNX788: Expected string passed integer. | Lynx/Component/SyntaxException |
_________________________________________________________________________________________________________
| 22-02-2023 18:01:21 | 788 | LYNX788: Expected string passed integer. | Lynx/Component/SyntaxException |
_________________________________________________________________________________________________________
| 22-02-2023 18:01:21 | 788 | LYNX788: Expected string passed integer. | Lynx/Component/SyntaxException |
_________________________________________________________________________________________________________
| 22-02-2023 18:03:40 | 788 | LYNX788: Expected string passed NULL. | Lynx/Component/SyntaxException |
______________________________________________________________________________________________________
| 22-02-2023 18:03:40 | 788 | LYNX788: Expected string passed NULL. | Lynx/Component/SyntaxException |
______________________________________________________________________________________________________
| 22-02-2023 18:03:40 | 788 | LYNX788: Expected string passed NULL. | Lynx/Component/SyntaxException |
______________________________________________________________________________________________________
| 22-02-2023 18:03:40 | 788 | LYNX788: Expected string passed NULL. | Lynx/Component/SyntaxException |
______________________________________________________________________________________________________
| 22-02-2023 18:35:58 | 707 | LYNX707: Request /create/{test}/{req} not found. | Lynx/Component/HttpException |
_______________________________________________________________________________________________________________
| 22-02-2023 18:35:58 | 707 | LYNX707: Request /create/{test}/{req} not found. | Lynx/Component/HttpException |
_______________________________________________________________________________________________________________
| 22-02-2023 18:35:58 | 707 | LYNX707: Request /create/{test}/{req} not found. | Lynx/Component/HttpException |
_______________________________________________________________________________________________________________
| 22-02-2023 18:35:59 | 707 | LYNX707: Request /create/{test}/{req} not found. | Lynx/Component/HttpException |
_______________________________________________________________________________________________________________
| 22-02-2023 18:36:11 | 707 | LYNX707: Request /create/{test}/{req} not found. | Lynx/Component/HttpException |
_______________________________________________________________________________________________________________
| 22-02-2023 18:36:11 | 707 | LYNX707: Request /create/{test}/{req} not found. | Lynx/Component/HttpException |
_______________________________________________________________________________________________________________
| 22-02-2023 18:36:11 | 707 | LYNX707: Request /lynx/create/jainil/instagram not found. | Lynx/Component/HttpException |
________________________________________________________________________________________________________________________
| 22-02-2023 18:36:11 | 707 | LYNX707: Request /lynx/create/jainil/FrameworkErrorPage.js not found. | Lynx/Component/HttpException |
____________________________________________________________________________________________________________________________________
| 22-02-2023 18:36:12 | 707 | LYNX707: Request /lynx/create/jainil/instagram not found. | Lynx/Component/HttpException |
________________________________________________________________________________________________________________________
| 22-02-2023 18:36:12 | 707 | LYNX707: Request /lynx/create/jainil/FrameworkErrorPage.js not found. | Lynx/Component/HttpException |
____________________________________________________________________________________________________________________________________
| 26-02-2023 13:24:51 | 707 | LYNX707: Request /lynx/create not found. | Lynx/Component/HttpException |
_______________________________________________________________________________________________________
| 26-02-2023 13:24:51 | 707 | LYNX707: Request /lynx/FrameworkErrorPage.js not found. | Lynx/Component/HttpException |
______________________________________________________________________________________________________________________
| 26-02-2023 13:24:53 | 707 | LYNX707: Request /lynx/create not found. | Lynx/Component/HttpException |
_______________________________________________________________________________________________________
| 26-02-2023 13:24:53 | 707 | LYNX707: Request /lynx/FrameworkErrorPage.js not found. | Lynx/Component/HttpException |
______________________________________________________________________________________________________________________
| 26-02-2023 13:25:32 | 707 | LYNX707: Request /lynx/create not found. | Lynx/Component/HttpException |
_______________________________________________________________________________________________________
| 26-02-2023 13:25:33 | 707 | LYNX707: Request /lynx/FrameworkErrorPage.js not found. | Lynx/Component/HttpException |
______________________________________________________________________________________________________________________
| 26-02-2023 13:25:33 | 707 | LYNX707: Request /lynx/create not found. | Lynx/Component/HttpException |
_______________________________________________________________________________________________________
| 26-02-2023 13:25:33 | 707 | LYNX707: Request /lynx/FrameworkErrorPage.js not found. | Lynx/Component/HttpException |
______________________________________________________________________________________________________________________
| 26-02-2023 13:26:33 | 707 | LYNX707: Request /lynx/create not found. | Lynx/Component/HttpException |
_______________________________________________________________________________________________________
| 26-02-2023 13:26:33 | 707 | LYNX707: Request /lynx/FrameworkErrorPage.js not found. | Lynx/Component/HttpException |
______________________________________________________________________________________________________________________
| 26-02-2023 13:26:33 | 707 | LYNX707: Request /lynx/create not found. | Lynx/Component/HttpException |
_______________________________________________________________________________________________________
| 26-02-2023 13:26:33 | 707 | LYNX707: Request /lynx/FrameworkErrorPage.js not found. | Lynx/Component/HttpException |
______________________________________________________________________________________________________________________
| 26-02-2023 13:26:34 | 707 | LYNX707: Request /lynx/create not found. | Lynx/Component/HttpException |
_______________________________________________________________________________________________________
| 26-02-2023 13:26:34 | 707 | LYNX707: Request /lynx/FrameworkErrorPage.js not found. | Lynx/Component/HttpException |
______________________________________________________________________________________________________________________
| 26-02-2023 13:27:46 | 707 | LYNX707: Request /lynx/create/121/111 not found. | Lynx/Component/HttpException |
_______________________________________________________________________________________________________________
| 26-02-2023 13:27:46 | 707 | LYNX707: Request /lynx/create/121/FrameworkErrorPage.js not found. | Lynx/Component/HttpException |
_________________________________________________________________________________________________________________________________
| 26-02-2023 13:30:34 | 707 | LYNX707: Request /lynx/create/121/111 not found. | Lynx/Component/HttpException |
_______________________________________________________________________________________________________________
| 26-02-2023 13:30:34 | 707 | LYNX707: Request /lynx/create/121/FrameworkErrorPage.js not found. | Lynx/Component/HttpException |
_________________________________________________________________________________________________________________________________
| 26-02-2023 13:47:27 | 500 | Key not found. | lynx/request/request.php |
_________________________________________________________________________
| 26-02-2023 13:47:27 | 500 | Key not found. | lynx/request/request.php |
_________________________________________________________________________
| 26-02-2023 13:47:27 | 500 | Key not found. | lynx/request/request.php |
_________________________________________________________________________
| 26-02-2023 13:47:27 | 500 | Key not found. | lynx/request/request.php |
_________________________________________________________________________
| 26-02-2023 13:47:27 | 500 | Key not found. | lynx/request/request.php |
_________________________________________________________________________
| 26-02-2023 13:47:28 | 500 | Key not found. | lynx/request/request.php |
_________________________________________________________________________
| 26-02-2023 13:47:28 | 500 | Key not found. | lynx/request/request.php |
_________________________________________________________________________
| 26-02-2023 13:47:28 | 500 | Key not found. | lynx/request/request.php |
_________________________________________________________________________
| 26-02-2023 13:47:46 | 500 | Key not found. | lynx/request/request.php |
_________________________________________________________________________
| 26-02-2023 13:47:46 | 500 | Key not found. | lynx/request/request.php |
_________________________________________________________________________
| 26-02-2023 13:47:46 | 500 | Key not found. | lynx/request/request.php |
_________________________________________________________________________
| 26-02-2023 13:47:46 | 500 | Key not found. | lynx/request/request.php |
_________________________________________________________________________
| 26-02-2023 13:47:47 | 500 | Key not found. | lynx/request/request.php |
_________________________________________________________________________
| 26-02-2023 13:47:47 | 500 | Key not found. | lynx/request/request.php |
_________________________________________________________________________
| 26-02-2023 13:49:11 | 701 | LYNX701: POST Method is not supported for this request. | Lynx/Component/HttpException |
______________________________________________________________________________________________________________________
| 26-02-2023 13:49:11 | 701 | LYNX701: POST Method is not supported for this request. | Lynx/Component/HttpException |
______________________________________________________________________________________________________________________
| 26-02-2023 13:49:11 | 701 | LYNX701: POST Method is not supported for this request. | Lynx/Component/HttpException |
______________________________________________________________________________________________________________________
| 26-02-2023 13:49:12 | 701 | LYNX701: POST Method is not supported for this request. | Lynx/Component/HttpException |
______________________________________________________________________________________________________________________
| 26-02-2023 13:49:34 | 701 | LYNX701: POST Method is not supported for this request. | Lynx/Component/HttpException |
______________________________________________________________________________________________________________________
| 26-02-2023 13:49:35 | 701 | LYNX701: POST Method is not supported for this request. | Lynx/Component/HttpException |
______________________________________________________________________________________________________________________
| 26-02-2023 13:50:20 | 701 | LYNX701: POST Method is not supported for this request. | Lynx/Component/HttpException |
______________________________________________________________________________________________________________________
| 26-02-2023 13:50:20 | 701 | LYNX701: POST Method is not supported for this request. | Lynx/Component/HttpException |
______________________________________________________________________________________________________________________
| 26-02-2023 13:50:26 | 701 | LYNX701: POST Method is not supported for this request. | Lynx/Component/HttpException |
______________________________________________________________________________________________________________________
| 26-02-2023 13:50:26 | 701 | LYNX701: POST Method is not supported for this request. | Lynx/Component/HttpException |
______________________________________________________________________________________________________________________
| 26-02-2023 13:50:26 | 701 | LYNX701: POST Method is not supported for this request. | Lynx/Component/HttpException |
______________________________________________________________________________________________________________________
| 26-02-2023 13:50:26 | 701 | LYNX701: POST Method is not supported for this request. | Lynx/Component/HttpException |
______________________________________________________________________________________________________________________
| 26-02-2023 13:53:05 | 701 | LYNX701: POST Method is not supported for this request. | Lynx/Component/HttpException |
______________________________________________________________________________________________________________________
| 26-02-2023 13:53:05 | 701 | LYNX701: POST Method is not supported for this request. | Lynx/Component/HttpException |
______________________________________________________________________________________________________________________
| 26-02-2023 14:58:23 | 701 | LYNX701: POST Method is not supported for this request. | Lynx/Component/HttpException |
______________________________________________________________________________________________________________________
| 26-02-2023 14:58:23 | 701 | LYNX701: POST Method is not supported for this request. | Lynx/Component/HttpException |
______________________________________________________________________________________________________________________
| 26-02-2023 15:07:52 | 701 | LYNX701: POST Method is not supported for this request. | Lynx/Component/HttpException |
______________________________________________________________________________________________________________________
| 26-02-2023 15:07:52 | 701 | LYNX701: POST Method is not supported for this request. | Lynx/Component/HttpException |
______________________________________________________________________________________________________________________
| 26-02-2023 15:18:07 | 500 | Key not found. | lynx/request/request.php |
_________________________________________________________________________
| 26-02-2023 15:18:08 | 500 | Key not found. | lynx/request/request.php |
_________________________________________________________________________
| 26-02-2023 15:18:08 | 500 | Key not found. | lynx/request/request.php |
_________________________________________________________________________
| 26-02-2023 15:18:08 | 500 | Key not found. | lynx/request/request.php |
_________________________________________________________________________
| 26-02-2023 15:18:31 | 500 | Key not found. | lynx/request/request.php |
_________________________________________________________________________
| 26-02-2023 15:19:11 | 500 | Key not found. | lynx/request/request.php |
_________________________________________________________________________
| 26-02-2023 15:19:11 | 500 | Key not found. | lynx/request/request.php |
_________________________________________________________________________
| 26-02-2023 15:21:11 | 500 | Key not found. | lynx/request/request.php |
_________________________________________________________________________
| 26-02-2023 15:21:11 | 500 | Key not found. | lynx/request/request.php |
_________________________________________________________________________
| 26-02-2023 15:21:11 | 500 | Key not found. | lynx/request/request.php |
_________________________________________________________________________
| 26-02-2023 15:21:11 | 500 | Key not found. | lynx/request/request.php |
_________________________________________________________________________
| 26-02-2023 16:30:11 | 701 | LYNX701: POST Method is not supported for this request. | Lynx/Component/HttpException |
______________________________________________________________________________________________________________________
| 26-02-2023 16:30:11 | 701 | LYNX701: POST Method is not supported for this request. | Lynx/Component/HttpException |
______________________________________________________________________________________________________________________
| 26-02-2023 16:32:14 | 701 | LYNX701: POST Method is not supported for this request. | Lynx/Component/HttpException |
______________________________________________________________________________________________________________________
| 26-02-2023 16:32:14 | 701 | LYNX701: POST Method is not supported for this request. | Lynx/Component/HttpException |
______________________________________________________________________________________________________________________
| 26-02-2023 16:32:15 | 701 | LYNX701: POST Method is not supported for this request. | Lynx/Component/HttpException |
______________________________________________________________________________________________________________________
| 26-02-2023 16:32:15 | 701 | LYNX701: POST Method is not supported for this request. | Lynx/Component/HttpException |
______________________________________________________________________________________________________________________
| 27-02-2023 16:51:50 | 500 | Key not found. | lynx/request/request.php |
_________________________________________________________________________
| 27-02-2023 16:51:50 | 500 | Key not found. | lynx/request/request.php |
_________________________________________________________________________
| 27-02-2023 16:53:05 | 500 | Key not found. | lynx/request/request.php |
_________________________________________________________________________
| 27-02-2023 16:53:06 | 500 | Key not found. | lynx/request/request.php |
_________________________________________________________________________
| 27-02-2023 16:53:58 | 500 | Key not found. | lynx/request/request.php |
_________________________________________________________________________
| 27-02-2023 16:53:58 | 500 | Key not found. | lynx/request/request.php |
_________________________________________________________________________
| 27-02-2023 16:58:41 | 500 | Key not found. | lynx/request/request.php |
_________________________________________________________________________
| 27-02-2023 16:58:41 | 500 | Key not found. | lynx/request/request.php |
_________________________________________________________________________
| 27-02-2023 16:59:01 | 500 | Key not found. | lynx/request/request.php |
_________________________________________________________________________
| 27-02-2023 16:59:01 | 500 | Key not found. | lynx/request/request.php |
_________________________________________________________________________
| 27-02-2023 16:59:02 | 500 | Key not found. | lynx/request/request.php |
_________________________________________________________________________
| 27-02-2023 16:59:03 | 500 | Key not found. | lynx/request/request.php |
_________________________________________________________________________
| 27-02-2023 17:00:25 | 500 | Key not found. | lynx/request/request.php |
_________________________________________________________________________
| 27-02-2023 17:00:25 | 500 | Key not found. | lynx/request/request.php |
_________________________________________________________________________
| 27-02-2023 17:00:30 | 500 | Key not found. | lynx/request/request.php |
_________________________________________________________________________
| 27-02-2023 17:00:30 | 500 | Key not found. | lynx/request/request.php |
_________________________________________________________________________
| 27-02-2023 17:01:22 | 500 | Key not found. | lynx/request/request.php |
_________________________________________________________________________
| 27-02-2023 17:01:22 | 500 | Key not found. | lynx/request/request.php |
_________________________________________________________________________
| 27-02-2023 17:01:23 | 500 | Key not found. | lynx/request/request.php |
_________________________________________________________________________
| 27-02-2023 17:01:23 | 500 | Key not found. | lynx/request/request.php |
_________________________________________________________________________
| 27-02-2023 17:33:34 | 500 | Key not found. | lynx/request/request.php |
_________________________________________________________________________
| 27-02-2023 17:33:34 | 500 | Key not found. | lynx/request/request.php |
_________________________________________________________________________
| 27-02-2023 17:33:37 | 707 | LYNX707: Request /lynx/create/121/111 not found. | Lynx/Component/HttpException |
_______________________________________________________________________________________________________________
| 27-02-2023 17:33:37 | 707 | LYNX707: Request /lynx/create/121/FrameworkErrorPage.js not found. | Lynx/Component/HttpException |
_________________________________________________________________________________________________________________________________
| 27-02-2023 17:35:22 | 500 | Key not found. | lynx/request/request.php |
_________________________________________________________________________
| 27-02-2023 17:35:22 | 500 | Key not found. | lynx/request/request.php |
_________________________________________________________________________
| 27-02-2023 17:35:24 | 707 | LYNX707: Request /lynx/create/121/111 not found. | Lynx/Component/HttpException |
_______________________________________________________________________________________________________________
| 27-02-2023 17:35:24 | 707 | LYNX707: Request /lynx/create/121/FrameworkErrorPage.js not found. | Lynx/Component/HttpException |
_________________________________________________________________________________________________________________________________
| 27-02-2023 17:49:45 | 788 | LYNX788: Expected function passed integer. | Lynx/Component/SyntaxException |
___________________________________________________________________________________________________________
| 27-02-2023 17:49:46 | 788 | LYNX788: Expected function passed integer. | Lynx/Component/SyntaxException |
___________________________________________________________________________________________________________
| 27-02-2023 17:49:46 | 788 | LYNX788: Expected function passed integer. | Lynx/Component/SyntaxException |
___________________________________________________________________________________________________________
| 27-02-2023 17:49:46 | 788 | LYNX788: Expected function passed integer. | Lynx/Component/SyntaxException |
___________________________________________________________________________________________________________
| 27-02-2023 17:49:46 | 788 | LYNX788: Expected function passed integer. | Lynx/Component/SyntaxException |
___________________________________________________________________________________________________________
| 27-02-2023 17:49:46 | 788 | LYNX788: Expected function passed integer. | Lynx/Component/SyntaxException |
___________________________________________________________________________________________________________
| 27-02-2023 17:49:47 | 788 | LYNX788: Expected function passed integer. | Lynx/Component/SyntaxException |
___________________________________________________________________________________________________________
| 27-02-2023 17:49:47 | 788 | LYNX788: Expected function passed integer. | Lynx/Component/SyntaxException |
___________________________________________________________________________________________________________
| 27-02-2023 17:57:04 | 788 | LYNX788: Expected string passed integer. | Lynx/Component/SyntaxException |
_________________________________________________________________________________________________________
| 27-02-2023 17:57:05 | 788 | LYNX788: Expected string passed integer. | Lynx/Component/SyntaxException |
_________________________________________________________________________________________________________
| 27-02-2023 17:57:05 | 788 | LYNX788: Expected string passed integer. | Lynx/Component/SyntaxException |
_________________________________________________________________________________________________________
| 27-02-2023 17:57:05 | 788 | LYNX788: Expected string passed integer. | Lynx/Component/SyntaxException |
_________________________________________________________________________________________________________
| 27-02-2023 17:57:05 | 788 | LYNX788: Expected string passed integer. | Lynx/Component/SyntaxException |
_________________________________________________________________________________________________________
| 27-02-2023 17:57:05 | 788 | LYNX788: Expected string passed integer. | Lynx/Component/SyntaxException |
_________________________________________________________________________________________________________
| 27-02-2023 18:02:13 | 789 | LYNX789: Expected at least an argument passed 0. | Lynx/Component/SyntaxException |
_________________________________________________________________________________________________________________
| 27-02-2023 18:02:13 | 789 | LYNX789: Expected at least an argument passed 0. | Lynx/Component/SyntaxException |
_________________________________________________________________________________________________________________
| 27-02-2023 18:02:13 | 789 | LYNX789: Expected at least an argument passed 0. | Lynx/Component/SyntaxException |
_________________________________________________________________________________________________________________
| 27-02-2023 18:02:14 | 789 | LYNX789: Expected at least an argument passed 0. | Lynx/Component/SyntaxException |
_________________________________________________________________________________________________________________
| 27-02-2023 18:04:25 | 789 | LYNX789: Expected at least an argument passed 0. | Lynx/Component/SyntaxException |
_________________________________________________________________________________________________________________
| 27-02-2023 18:04:25 | 789 | LYNX789: Expected at least an argument passed 0. | Lynx/Component/SyntaxException |
_________________________________________________________________________________________________________________
| 27-02-2023 18:04:25 | 789 | LYNX789: Expected at least an argument passed 0. | Lynx/Component/SyntaxException |
_________________________________________________________________________________________________________________
| 27-02-2023 18:04:26 | 789 | LYNX789: Expected at least an argument passed 0. | Lynx/Component/SyntaxException |
_________________________________________________________________________________________________________________
| 27-02-2023 18:04:31 | 789 | LYNX789: Expected at least an argument passed 0. | Lynx/Component/SyntaxException |
_________________________________________________________________________________________________________________
| 27-02-2023 18:04:31 | 789 | LYNX789: Expected at least an argument passed 0. | Lynx/Component/SyntaxException |
_________________________________________________________________________________________________________________